<?xml version="1.0" encoding="UTF-8"?>
<!-- Generated by org.testng.reporters.JUnitXMLReporter -->
<testsuite ignored="0" hostname="Nihar" failures="0" tests="3" name="Test" time="35.928" errors="0" timestamp="2023-05-07T02:09:04 IST">
  <testcase classname="seleniumWithdocker.SeleniumWithWebBrowserTest" name="assertTitle" time="0.115"/>
  <testcase classname="seleniumWithdocker.SeleniumWithWebBrowserTest5" name="assertTitle" time="0.131"/>
  <testcase classname="seleniumWithdocker.SeleniumWithWebBrowserTest4" name="assertTitle" time="0.077"/>
</testsuite> <!-- Test -->
