<?xml version="1.0" encoding="UTF-8"?>
<testng-results ignored="0" total="3" passed="3" failed="0" skipped="0">
  <reporter-output>
  </reporter-output>
  <suite started-at="2023-05-07T02:08:28 IST" name="Suite" finished-at="2023-05-07T02:09:04 IST" duration-ms="35928">
    <groups>
    </groups>
    <test started-at="2023-05-07T02:08:28 IST" name="Test" finished-at="2023-05-07T02:09:04 IST" duration-ms="35928">
      <class name="seleniumWithdocker.SetUp_DockerGrid">
        <test-method is-config="true" signature="start_DockerGrid()[pri:0, instance:seleniumWithdocker.SetUp_DockerGrid@235834f2]" started-at="2023-05-07T02:08:28 IST" name="start_DockerGrid" finished-at="2023-05-07T02:08:48 IST" duration-ms="20042" status="PASS">
          <reporter-output>
          </reporter-output>
        </test-method> <!-- start_DockerGrid -->
        <test-method is-config="true" signature="stop_DockerGrid()[pri:0, instance:seleniumWithdocker.SetUp_DockerGrid@235834f2]" started-at="2023-05-07T02:08:59 IST" name="stop_DockerGrid" finished-at="2023-05-07T02:09:04 IST" duration-ms="5017" status="PASS">
          <reporter-output>
          </reporter-output>
        </test-method> <!-- stop_DockerGrid -->
      </class> <!-- seleniumWithdocker.SetUp_DockerGrid -->
      <class name="seleniumWithdocker.SeleniumWithWebBrowserTest4">
        <test-method is-config="true" signature="setUp()[pri:0, instance:seleniumWithdocker.SeleniumWithWebBrowserTest4@6b2ea799]" started-at="2023-05-07T02:08:48 IST" name="setUp" finished-at="2023-05-07T02:08:58 IST" duration-ms="10070" status="PASS">
          <reporter-output>
          </reporter-output>
        </test-method> <!-- setUp -->
        <test-method signature="assertTitle()[pri:0, instance:seleniumWithdocker.SeleniumWithWebBrowserTest4@6b2ea799]" started-at="2023-05-07T02:08:58 IST" name="assertTitle" finished-at="2023-05-07T02:08:59 IST" duration-ms="77" status="PASS">
          <reporter-output>
          </reporter-output>
        </test-method> <!-- assertTitle -->
        <test-method is-config="true" signature="tearDown()[pri:0, instance:seleniumWithdocker.SeleniumWithWebBrowserTest4@6b2ea799]" started-at="2023-05-07T02:08:59 IST" name="tearDown" finished-at="2023-05-07T02:08:59 IST" duration-ms="638" status="PASS">
          <reporter-output>
          </reporter-output>
        </test-method> <!-- tearDown -->
      </class> <!-- seleniumWithdocker.SeleniumWithWebBrowserTest4 -->
      <class name="seleniumWithdocker.SeleniumWithWebBrowserTest5">
        <test-method is-config="true" signature="setUp()[pri:0, instance:seleniumWithdocker.SeleniumWithWebBrowserTest5@411f53a0]" started-at="2023-05-07T02:08:48 IST" name="setUp" finished-at="2023-05-07T02:08:57 IST" duration-ms="8850" status="PASS">
          <reporter-output>
          </reporter-output>
        </test-method> <!-- setUp -->
        <test-method signature="assertTitle()[pri:0, instance:seleniumWithdocker.SeleniumWithWebBrowserTest5@411f53a0]" started-at="2023-05-07T02:08:57 IST" name="assertTitle" finished-at="2023-05-07T02:08:57 IST" duration-ms="131" status="PASS">
          <reporter-output>
          </reporter-output>
        </test-method> <!-- assertTitle -->
        <test-method is-config="true" signature="tearDown()[pri:0, instance:seleniumWithdocker.SeleniumWithWebBrowserTest5@411f53a0]" started-at="2023-05-07T02:08:57 IST" name="tearDown" finished-at="2023-05-07T02:08:58 IST" duration-ms="236" status="PASS">
          <reporter-output>
          </reporter-output>
        </test-method> <!-- tearDown -->
      </class> <!-- seleniumWithdocker.SeleniumWithWebBrowserTest5 -->
      <class name="seleniumWithdocker.SeleniumWithWebBrowserTest">
        <test-method is-config="true" signature="setUp()[pri:0, instance:seleniumWithdocker.SeleniumWithWebBrowserTest@51399530]" started-at="2023-05-07T02:08:48 IST" name="setUp" finished-at="2023-05-07T02:08:56 IST" duration-ms="8029" status="PASS">
          <reporter-output>
          </reporter-output>
        </test-method> <!-- setUp -->
        <test-method signature="assertTitle()[pri:0, instance:seleniumWithdocker.SeleniumWithWebBrowserTest@51399530]" started-at="2023-05-07T02:08:56 IST" name="assertTitle" finished-at="2023-05-07T02:08:57 IST" duration-ms="115" status="PASS">
          <reporter-output>
          </reporter-output>
        </test-method> <!-- assertTitle -->
        <test-method is-config="true" signature="tearDown()[pri:0, instance:seleniumWithdocker.SeleniumWithWebBrowserTest@51399530]" started-at="2023-05-07T02:08:57 IST" name="tearDown" finished-at="2023-05-07T02:08:57 IST" duration-ms="184" status="PASS">
          <reporter-output>
          </reporter-output>
        </test-method> <!-- tearDown -->
      </class> <!-- seleniumWithdocker.SeleniumWithWebBrowserTest -->
    </test> <!-- Test -->
  </suite> <!-- Suite -->
</testng-results>
